<?xml version="1.0" encoding="UTF-8"?>
<testsuite name="com.forum.forum393.Forum393ApplicationTests" tests="1" skipped="0" failures="0" errors="0" timestamp="2021-12-25T09:08:04" hostname="DESKTOP-LHFLGRL" time="0.94">
  <properties/>
  <testcase name="contextLoads()" classname="com.forum.forum393.Forum393ApplicationTests" time="0.94"/>
  <system-out><![CDATA[12:07:46.635 [Test worker] DEBUG org.springframework.test.context.BootstrapUtils - Instantiating CacheAwareContextLoaderDelegate from class [org.springframework.test.context.cache.DefaultCacheAwareContextLoaderDelegate]
12:07:46.673 [Test worker] DEBUG org.springframework.test.context.BootstrapUtils - Instantiating BootstrapContext using constructor [public org.springframework.test.context.support.DefaultBootstrapContext(java.lang.Class,org.springframework.test.context.CacheAwareContextLoaderDelegate)]
12:07:46.785 [Test worker] DEBUG org.springframework.test.context.BootstrapUtils - Instantiating TestContextBootstrapper for test class [com.forum.forum393.Forum393ApplicationTests] from class [org.springframework.boot.test.context.SpringBootTestContextBootstrapper]
12:07:46.817 [Test worker] INFO org.springframework.boot.test.context.SpringBootTestContextBootstrapper - Neither @ContextConfiguration nor @ContextHierarchy found for test class [com.forum.forum393.Forum393ApplicationTests], using SpringBootContextLoader
12:07:46.832 [Test worker] DEBUG org.springframework.test.context.support.AbstractContextLoader - Did not detect default resource location for test class [com.forum.forum393.Forum393ApplicationTests]: class path resource [com/forum/forum393/Forum393ApplicationTests-context.xml] does not exist
12:07:46.834 [Test worker] DEBUG org.springframework.test.context.support.AbstractContextLoader - Did not detect default resource location for test class [com.forum.forum393.Forum393ApplicationTests]: class path resource [com/forum/forum393/Forum393ApplicationTestsContext.groovy] does not exist
12:07:46.834 [Test worker] INFO org.springframework.test.context.support.AbstractContextLoader - Could not detect default resource locations for test class [com.forum.forum393.Forum393ApplicationTests]: no resource found for suffixes {-context.xml, Context.groovy}.
12:07:46.835 [Test worker] INFO org.springframework.test.context.support.AnnotationConfigContextLoaderUtils - Could not detect default configuration classes for test class [com.forum.forum393.Forum393ApplicationTests]: Forum393ApplicationTests does not declare any static, non-private, non-final, nested classes annotated with @Configuration.
12:07:47.007 [Test worker] DEBUG org.springframework.test.context.support.ActiveProfilesUtils - Could not find an 'annotation declaring class' for annotation type [org.springframework.test.context.ActiveProfiles] and class [com.forum.forum393.Forum393ApplicationTests]
12:07:47.226 [Test worker] DEBUG org.springframework.context.annotation.ClassPathScanningCandidateComponentProvider - Identified candidate component class: file [C:\Users\Ekin\Desktop\CS393\forum393\build\classes\java\main\com\forum\forum393\Forum393Application.class]
12:07:47.228 [Test worker] INFO org.springframework.boot.test.context.SpringBootTestContextBootstrapper - Found @SpringBootConfiguration com.forum.forum393.Forum393Application for test class com.forum.forum393.Forum393ApplicationTests
12:07:47.531 [Test worker] DEBUG org.springframework.boot.test.context.SpringBootTestContextBootstrapper - @TestExecutionListeners is not present for class [com.forum.forum393.Forum393ApplicationTests]: using defaults.
12:07:47.532 [Test worker] INFO org.springframework.boot.test.context.SpringBootTestContextBootstrapper - Loaded default TestExecutionListener class names from location [META-INF/spring.factories]: [org.springframework.boot.test.autoconfigure.restdocs.RestDocsTestExecutionListener, org.springframework.boot.test.autoconfigure.web.client.MockRestServiceServerResetTestExecutionListener, org.springframework.boot.test.autoconfigure.web.servlet.MockMvcPrintOnlyOnFailureTestExecutionListener, org.springframework.boot.test.autoconfigure.web.servlet.WebDriverTestExecutionListener, org.springframework.boot.test.autoconfigure.webservices.client.MockWebServiceServerTestExecutionListener, org.springframework.boot.test.mock.mockito.MockitoTestExecutionListener, org.springframework.boot.test.mock.mockito.ResetMocksTestExecutionListener, org.springframework.test.context.web.ServletTestExecutionListener, org.springframework.test.context.support.DirtiesContextBeforeModesTestExecutionListener, org.springframework.test.context.event.ApplicationEventsTestExecutionListener, org.springframework.test.context.support.DependencyInjectionTestExecutionListener, org.springframework.test.context.support.DirtiesContextTestExecutionListener, org.springframework.test.context.transaction.TransactionalTestExecutionListener, org.springframework.test.context.jdbc.SqlScriptsTestExecutionListener, org.springframework.test.context.event.EventPublishingTestExecutionListener]
12:07:47.611 [Test worker] INFO org.springframework.boot.test.context.SpringBootTestContextBootstrapper - Using TestExecutionListeners: [org.springframework.test.context.web.ServletTestExecutionListener@1b39fd82, org.springframework.test.context.support.DirtiesContextBeforeModesTestExecutionListener@3e2fc448, org.springframework.test.context.event.ApplicationEventsTestExecutionListener@21680803, org.springframework.boot.test.mock.mockito.MockitoTestExecutionListener@588ab592, org.springframework.boot.test.autoconfigure.SpringBootDependencyInjectionTestExecutionListener@c8b96ec, org.springframework.test.context.support.DirtiesContextTestExecutionListener@4cc61eb1, org.springframework.test.context.transaction.TransactionalTestExecutionListener@2d8f2f3a, org.springframework.test.context.jdbc.SqlScriptsTestExecutionListener@2024293c, org.springframework.test.context.event.EventPublishingTestExecutionListener@7048f722, org.springframework.boot.test.autoconfigure.restdocs.RestDocsTestExecutionListener@c074c0c, org.springframework.boot.test.autoconfigure.web.client.MockRestServiceServerResetTestExecutionListener@58a55449, org.springframework.boot.test.autoconfigure.web.servlet.MockMvcPrintOnlyOnFailureTestExecutionListener@5949eba8, org.springframework.boot.test.autoconfigure.web.servlet.WebDriverTestExecutionListener@6e0ff644, org.springframework.boot.test.autoconfigure.webservices.client.MockWebServiceServerTestExecutionListener@58dea0a5, org.springframework.boot.test.mock.mockito.ResetMocksTestExecutionListener@2a2bb0eb]
12:07:47.620 [Test worker] DEBUG org.springframework.test.context.support.AbstractDirtiesContextTestExecutionListener - Before test class: context [DefaultTestContext@512d92b testClass = Forum393ApplicationTests, testInstance = [null], testMethod = [null], testException = [null], mergedContextConfiguration = [WebMergedContextConfiguration@62c5bbdc testClass = Forum393ApplicationTests, locations = '{}', classes = '{class com.forum.forum393.Forum393Application}', contextInitializerClasses = '[]', activeProfiles = '{}', propertySourceLocations = '{}', propertySourceProperties = '{org.springframework.boot.test.context.SpringBootTestContextBootstrapper=true}', contextCustomizers = set[org.springframework.boot.test.autoconfigure.actuate.metrics.MetricsExportContextCustomizerFactory$DisableMetricExportContextCustomizer@16746061, org.springframework.boot.test.autoconfigure.properties.PropertyMappingContextCustomizer@0, org.springframework.boot.test.autoconfigure.web.servlet.WebDriverContextCustomizerFactory$Customizer@201b6b6f, org.springframework.boot.test.context.filter.ExcludeFilterContextCustomizer@67ab1c47, org.springframework.boot.test.json.DuplicateJsonObjectContextCustomizerFactory$DuplicateJsonObjectContextCustomizer@2a3c96e3, org.springframework.boot.test.mock.mockito.MockitoContextCustomizer@0, org.springframework.boot.test.web.client.TestRestTemplateContextCustomizer@18230356, org.springframework.boot.test.context.SpringBootTestArgs@1, org.springframework.boot.test.context.SpringBootTestWebEnvironment@e25951c], resourceBasePath = 'src/main/webapp', contextLoader = 'org.springframework.boot.test.context.SpringBootContextLoader', parent = [null]], attributes = map['org.springframework.test.context.web.ServletTestExecutionListener.activateListener' -> true]], class annotated with @DirtiesContext [false] with mode [null].
12:07:47.820 [Test worker] DEBUG org.springframework.boot.ApplicationServletEnvironment - Activating profiles []
12:07:47.824 [Test worker] DEBUG org.springframework.test.context.support.TestPropertySourceUtils - Adding inlined properties to environment: {spring.jmx.enabled=false, org.springframework.boot.test.context.SpringBootTestContextBootstrapper=true}

  .   ____          _            __ _ _
 /\\ / ___'_ __ _ _(_)_ __  __ _ \ \ \ \
( ( )\___ | '_ | '_| | '_ \/ _` | \ \ \ \
 \\/  ___)| |_)| | | | | || (_| |  ) ) ) )
  '  |____| .__|_| |_|_| |_\__, | / / / /
 =========|_|==============|___/=/_/_/_/
 :: Spring Boot ::                (v2.6.1)

2021-12-25 12:07:50.441  INFO 12864 --- [    Test worker] c.f.forum393.Forum393ApplicationTests    : Starting Forum393ApplicationTests using Java 11.0.13 on DESKTOP-LHFLGRL with PID 12864 (started by Ekin in C:\Users\Ekin\Desktop\CS393\forum393)
2021-12-25 12:07:50.445  INFO 12864 --- [    Test worker] c.f.forum393.Forum393ApplicationTests    : No active profile set, falling back to default profiles: default
2021-12-25 12:07:53.019  INFO 12864 --- [    Test worker] .s.d.r.c.RepositoryConfigurationDelegate : Bootstrapping Spring Data JPA repositories in DEFAULT mode.
2021-12-25 12:07:53.214  INFO 12864 --- [    Test worker] .s.d.r.c.RepositoryConfigurationDelegate : Finished Spring Data repository scanning in 172 ms. Found 5 JPA repository interfaces.
2021-12-25 12:07:55.477  INFO 12864 --- [    Test worker] o.hibernate.jpa.internal.util.LogHelper  : HHH000204: Processing PersistenceUnitInfo [name: default]
2021-12-25 12:07:55.677  INFO 12864 --- [    Test worker] org.hibernate.Version                    : HHH000412: Hibernate ORM core version 5.6.1.Final
2021-12-25 12:07:56.255  INFO 12864 --- [    Test worker] o.hibernate.annotations.common.Version   : HCANN000001: Hibernate Commons Annotations {5.1.2.Final}
2021-12-25 12:07:56.656  INFO 12864 --- [    Test worker] com.zaxxer.hikari.HikariDataSource       : HikariPool-1 - Starting...
2021-12-25 12:07:56.668  WARN 12864 --- [    Test worker] com.zaxxer.hikari.util.DriverDataSource  : Registered driver with driverClassName=org.apache.derby.jdbc.ClientDriver was not found, trying direct instantiation.
2021-12-25 12:07:57.058  INFO 12864 --- [    Test worker] com.zaxxer.hikari.pool.PoolBase          : HikariPool-1 - Driver does not support get/set network timeout for connections. (Feature not implemented: getNetworkTimeout.)
2021-12-25 12:07:57.125  INFO 12864 --- [    Test worker] com.zaxxer.hikari.HikariDataSource       : HikariPool-1 - Start completed.
2021-12-25 12:07:57.294  INFO 12864 --- [    Test worker] org.hibernate.dialect.Dialect            : HHH000400: Using dialect: org.hibernate.dialect.DerbyTenSevenDialect
2021-12-25 12:07:59.823  INFO 12864 --- [    Test worker] o.h.e.t.j.p.i.JtaPlatformInitiator       : HHH000490: Using JtaPlatform implementation: [org.hibernate.engine.transaction.jta.platform.internal.NoJtaPlatform]
2021-12-25 12:07:59.850  INFO 12864 --- [    Test worker] j.LocalContainerEntityManagerFactoryBean : Initialized JPA EntityManagerFactory for persistence unit 'default'
2021-12-25 12:08:02.493  WARN 12864 --- [    Test worker] JpaBaseConfiguration$JpaWebConfiguration : spring.jpa.open-in-view is enabled by default. Therefore, database queries may be performed during view rendering. Explicitly configure spring.jpa.open-in-view to disable this warning
2021-12-25 12:08:04.450  INFO 12864 --- [    Test worker] c.f.forum393.Forum393ApplicationTests    : Started Forum393ApplicationTests in 16.622 seconds (JVM running for 22.907)
2021-12-25 12:08:04.542  INFO 12864 --- [    Test worker] o.s.t.c.transaction.TransactionContext   : Began transaction (1) for test context [DefaultTestContext@512d92b testClass = Forum393ApplicationTests, testInstance = com.forum.forum393.Forum393ApplicationTests@55a5eea3, testMethod = contextLoads@Forum393ApplicationTests, testException = [null], mergedContextConfiguration = [WebMergedContextConfiguration@62c5bbdc testClass = Forum393ApplicationTests, locations = '{}', classes = '{class com.forum.forum393.Forum393Application}', contextInitializerClasses = '[]', activeProfiles = '{}', propertySourceLocations = '{}', propertySourceProperties = '{org.springframework.boot.test.context.SpringBootTestContextBootstrapper=true}', contextCustomizers = set[org.springframework.boot.test.autoconfigure.actuate.metrics.MetricsExportContextCustomizerFactory$DisableMetricExportContextCustomizer@16746061, org.springframework.boot.test.autoconfigure.properties.PropertyMappingContextCustomizer@0, org.springframework.boot.test.autoconfigure.web.servlet.WebDriverContextCustomizerFactory$Customizer@201b6b6f, org.springframework.boot.test.context.filter.ExcludeFilterContextCustomizer@67ab1c47, org.springframework.boot.test.json.DuplicateJsonObjectContextCustomizerFactory$DuplicateJsonObjectContextCustomizer@2a3c96e3, org.springframework.boot.test.mock.mockito.MockitoContextCustomizer@0, org.springframework.boot.test.web.client.TestRestTemplateContextCustomizer@18230356, org.springframework.boot.test.context.SpringBootTestArgs@1, org.springframework.boot.test.context.SpringBootTestWebEnvironment@e25951c], resourceBasePath = 'src/main/webapp', contextLoader = 'org.springframework.boot.test.context.SpringBootContextLoader', parent = [null]], attributes = map['org.springframework.test.context.web.ServletTestExecutionListener.activateListener' -> true, 'org.springframework.test.context.web.ServletTestExecutionListener.populatedRequestContextHolder' -> true, 'org.springframework.test.context.web.ServletTestExecutionListener.resetRequestContextHolder' -> true, 'org.springframework.test.context.event.ApplicationEventsTestExecutionListener.recordApplicationEvents' -> false]]; transaction manager [org.springframework.orm.jpa.JpaTransactionManager@3e5ed0d4]; rollback [false]
Hibernate: values next value for hibernate_sequence
Hibernate: values next value for hibernate_sequence
Hibernate: values next value for hibernate_sequence
Hibernate: values next value for hibernate_sequence
Hibernate: values next value for hibernate_sequence
Hibernate: values next value for hibernate_sequence
Hibernate: values next value for hibernate_sequence
Hibernate: values next value for hibernate_sequence
Hibernate: values next value for hibernate_sequence
Hibernate: values next value for hibernate_sequence
Hibernate: insert into t_question (answer_count, asked_date, description, owner_id, title, user_id, view_count, vote_count, id) values (?, ?, ?, ?, ?, ?, ?, ?, ?)
Hibernate: insert into t_answer (question_id, user_id, vote_count, id) values (?, ?, ?, ?)
Hibernate: insert into t_answer (question_id, user_id, vote_count, id) values (?, ?, ?, ?)
Hibernate: insert into t_answer (question_id, user_id, vote_count, id) values (?, ?, ?, ?)
Hibernate: insert into t_user (name, id) values (?, ?)
Hibernate: insert into t_comment (answer_id, date, question_id, text, user_id, writer_id, id) values (?, ?, ?, ?, ?, ?, ?)
Hibernate: insert into t_user (name, id) values (?, ?)
Hibernate: insert into t_comment (answer_id, date, question_id, text, user_id, writer_id, id) values (?, ?, ?, ?, ?, ?, ?)
Hibernate: insert into t_question (answer_count, asked_date, description, owner_id, title, user_id, view_count, vote_count, id) values (?, ?, ?, ?, ?, ?, ?, ?, ?)
Hibernate: insert into t_comment (answer_id, date, question_id, text, user_id, writer_id, id) values (?, ?, ?, ?, ?, ?, ?)
2021-12-25 12:08:05.408  INFO 12864 --- [    Test worker] o.s.t.c.transaction.TransactionContext   : Committed transaction for test: [DefaultTestContext@512d92b testClass = Forum393ApplicationTests, testInstance = com.forum.forum393.Forum393ApplicationTests@55a5eea3, testMethod = contextLoads@Forum393ApplicationTests, testException = [null], mergedContextConfiguration = [WebMergedContextConfiguration@62c5bbdc testClass = Forum393ApplicationTests, locations = '{}', classes = '{class com.forum.forum393.Forum393Application}', contextInitializerClasses = '[]', activeProfiles = '{}', propertySourceLocations = '{}', propertySourceProperties = '{org.springframework.boot.test.context.SpringBootTestContextBootstrapper=true}', contextCustomizers = set[org.springframework.boot.test.autoconfigure.actuate.metrics.MetricsExportContextCustomizerFactory$DisableMetricExportContextCustomizer@16746061, org.springframework.boot.test.autoconfigure.properties.PropertyMappingContextCustomizer@0, org.springframework.boot.test.autoconfigure.web.servlet.WebDriverContextCustomizerFactory$Customizer@201b6b6f, org.springframework.boot.test.context.filter.ExcludeFilterContextCustomizer@67ab1c47, org.springframework.boot.test.json.DuplicateJsonObjectContextCustomizerFactory$DuplicateJsonObjectContextCustomizer@2a3c96e3, org.springframework.boot.test.mock.mockito.MockitoContextCustomizer@0, org.springframework.boot.test.web.client.TestRestTemplateContextCustomizer@18230356, org.springframework.boot.test.context.SpringBootTestArgs@1, org.springframework.boot.test.context.SpringBootTestWebEnvironment@e25951c], resourceBasePath = 'src/main/webapp', contextLoader = 'org.springframework.boot.test.context.SpringBootContextLoader', parent = [null]], attributes = map['org.springframework.test.context.web.ServletTestExecutionListener.activateListener' -> true, 'org.springframework.test.context.web.ServletTestExecutionListener.populatedRequestContextHolder' -> true, 'org.springframework.test.context.web.ServletTestExecutionListener.resetRequestContextHolder' -> true, 'org.springframework.test.context.event.ApplicationEventsTestExecutionListener.recordApplicationEvents' -> false]]
]]></system-out>
  <system-err><![CDATA[]]></system-err>
</testsuite>
