<?xml version="1.0" encoding="UTF-8"?>
<testsuite name="com.forum.forum393.Forum393ApplicationTests" tests="1" skipped="0" failures="0" errors="0" timestamp="2021-12-29T14:22:31" hostname="DESKTOP-LHFLGRL" time="0.655">
  <properties/>
  <testcase name="contextLoads()" classname="com.forum.forum393.Forum393ApplicationTests" time="0.655"/>
  <system-out><![CDATA[17:22:18.213 [Test worker] DEBUG org.springframework.test.context.BootstrapUtils - Instantiating CacheAwareContextLoaderDelegate from class [org.springframework.test.context.cache.DefaultCacheAwareContextLoaderDelegate]
17:22:18.243 [Test worker] DEBUG org.springframework.test.context.BootstrapUtils - Instantiating BootstrapContext using constructor [public org.springframework.test.context.support.DefaultBootstrapContext(java.lang.Class,org.springframework.test.context.CacheAwareContextLoaderDelegate)]
17:22:18.334 [Test worker] DEBUG org.springframework.test.context.BootstrapUtils - Instantiating TestContextBootstrapper for test class [com.forum.forum393.Forum393ApplicationTests] from class [org.springframework.boot.test.context.SpringBootTestContextBootstrapper]
17:22:18.366 [Test worker] INFO org.springframework.boot.test.context.SpringBootTestContextBootstrapper - Neither @ContextConfiguration nor @ContextHierarchy found for test class [com.forum.forum393.Forum393ApplicationTests], using SpringBootContextLoader
17:22:18.378 [Test worker] DEBUG org.springframework.test.context.support.AbstractContextLoader - Did not detect default resource location for test class [com.forum.forum393.Forum393ApplicationTests]: class path resource [com/forum/forum393/Forum393ApplicationTests-context.xml] does not exist
17:22:18.380 [Test worker] DEBUG org.springframework.test.context.support.AbstractContextLoader - Did not detect default resource location for test class [com.forum.forum393.Forum393ApplicationTests]: class path resource [com/forum/forum393/Forum393ApplicationTestsContext.groovy] does not exist
17:22:18.380 [Test worker] INFO org.springframework.test.context.support.AbstractContextLoader - Could not detect default resource locations for test class [com.forum.forum393.Forum393ApplicationTests]: no resource found for suffixes {-context.xml, Context.groovy}.
17:22:18.382 [Test worker] INFO org.springframework.test.context.support.AnnotationConfigContextLoaderUtils - Could not detect default configuration classes for test class [com.forum.forum393.Forum393ApplicationTests]: Forum393ApplicationTests does not declare any static, non-private, non-final, nested classes annotated with @Configuration.
17:22:18.494 [Test worker] DEBUG org.springframework.test.context.support.ActiveProfilesUtils - Could not find an 'annotation declaring class' for annotation type [org.springframework.test.context.ActiveProfiles] and class [com.forum.forum393.Forum393ApplicationTests]
17:22:18.633 [Test worker] DEBUG org.springframework.context.annotation.ClassPathScanningCandidateComponentProvider - Identified candidate component class: file [C:\Users\Ekin\Desktop\CS393\forum393\build\classes\java\main\com\forum\forum393\Forum393Application.class]
17:22:18.636 [Test worker] INFO org.springframework.boot.test.context.SpringBootTestContextBootstrapper - Found @SpringBootConfiguration com.forum.forum393.Forum393Application for test class com.forum.forum393.Forum393ApplicationTests
17:22:18.899 [Test worker] DEBUG org.springframework.boot.test.context.SpringBootTestContextBootstrapper - @TestExecutionListeners is not present for class [com.forum.forum393.Forum393ApplicationTests]: using defaults.
17:22:18.900 [Test worker] INFO org.springframework.boot.test.context.SpringBootTestContextBootstrapper - Loaded default TestExecutionListener class names from location [META-INF/spring.factories]: [org.springframework.boot.test.autoconfigure.restdocs.RestDocsTestExecutionListener, org.springframework.boot.test.autoconfigure.web.client.MockRestServiceServerResetTestExecutionListener, org.springframework.boot.test.autoconfigure.web.servlet.MockMvcPrintOnlyOnFailureTestExecutionListener, org.springframework.boot.test.autoconfigure.web.servlet.WebDriverTestExecutionListener, org.springframework.boot.test.autoconfigure.webservices.client.MockWebServiceServerTestExecutionListener, org.springframework.boot.test.mock.mockito.MockitoTestExecutionListener, org.springframework.boot.test.mock.mockito.ResetMocksTestExecutionListener, org.springframework.test.context.web.ServletTestExecutionListener, org.springframework.test.context.support.DirtiesContextBeforeModesTestExecutionListener, org.springframework.test.context.event.ApplicationEventsTestExecutionListener, org.springframework.test.context.support.DependencyInjectionTestExecutionListener, org.springframework.test.context.support.DirtiesContextTestExecutionListener, org.springframework.test.context.transaction.TransactionalTestExecutionListener, org.springframework.test.context.jdbc.SqlScriptsTestExecutionListener, org.springframework.test.context.event.EventPublishingTestExecutionListener]
17:22:18.959 [Test worker] INFO org.springframework.boot.test.context.SpringBootTestContextBootstrapper - Using TestExecutionListeners: [org.springframework.test.context.web.ServletTestExecutionListener@7728643a, org.springframework.test.context.support.DirtiesContextBeforeModesTestExecutionListener@320e400, org.springframework.test.context.event.ApplicationEventsTestExecutionListener@5167268, org.springframework.boot.test.mock.mockito.MockitoTestExecutionListener@1cfd1875, org.springframework.boot.test.autoconfigure.SpringBootDependencyInjectionTestExecutionListener@28c0b664, org.springframework.test.context.support.DirtiesContextTestExecutionListener@2c444798, org.springframework.test.context.transaction.TransactionalTestExecutionListener@1af7f54a, org.springframework.test.context.jdbc.SqlScriptsTestExecutionListener@6ebd78d1, org.springframework.test.context.event.EventPublishingTestExecutionListener@436390f4, org.springframework.boot.test.autoconfigure.restdocs.RestDocsTestExecutionListener@4d157787, org.springframework.boot.test.autoconfigure.web.client.MockRestServiceServerResetTestExecutionListener@68ed96ca, org.springframework.boot.test.autoconfigure.web.servlet.MockMvcPrintOnlyOnFailureTestExecutionListener@6d1310f6, org.springframework.boot.test.autoconfigure.web.servlet.WebDriverTestExecutionListener@3228d990, org.springframework.boot.test.autoconfigure.webservices.client.MockWebServiceServerTestExecutionListener@54e7391d, org.springframework.boot.test.mock.mockito.ResetMocksTestExecutionListener@50b8ae8d]
17:22:18.969 [Test worker] DEBUG org.springframework.test.context.support.AbstractDirtiesContextTestExecutionListener - Before test class: context [DefaultTestContext@10b3df93 testClass = Forum393ApplicationTests, testInstance = [null], testMethod = [null], testException = [null], mergedContextConfiguration = [WebMergedContextConfiguration@ea27e34 testClass = Forum393ApplicationTests, locations = '{}', classes = '{class com.forum.forum393.Forum393Application}', contextInitializerClasses = '[]', activeProfiles = '{}', propertySourceLocations = '{}', propertySourceProperties = '{org.springframework.boot.test.context.SpringBootTestContextBootstrapper=true}', contextCustomizers = set[org.springframework.boot.test.autoconfigure.actuate.metrics.MetricsExportContextCustomizerFactory$DisableMetricExportContextCustomizer@34997338, org.springframework.boot.test.autoconfigure.properties.PropertyMappingContextCustomizer@0, org.springframework.boot.test.autoconfigure.web.servlet.WebDriverContextCustomizerFactory$Customizer@6821ea29, org.springframework.boot.test.context.filter.ExcludeFilterContextCustomizer@5af3a0f, org.springframework.boot.test.json.DuplicateJsonObjectContextCustomizerFactory$DuplicateJsonObjectContextCustomizer@58359ebd, org.springframework.boot.test.mock.mockito.MockitoContextCustomizer@0, org.springframework.boot.test.web.client.TestRestTemplateContextCustomizer@1c7fd41f, org.springframework.boot.test.context.SpringBootTestArgs@1, org.springframework.boot.test.context.SpringBootTestWebEnvironment@471a9022], resourceBasePath = 'src/main/webapp', contextLoader = 'org.springframework.boot.test.context.SpringBootContextLoader', parent = [null]], attributes = map['org.springframework.test.context.web.ServletTestExecutionListener.activateListener' -> true]], class annotated with @DirtiesContext [false] with mode [null].
17:22:19.112 [Test worker] DEBUG org.springframework.boot.ApplicationServletEnvironment - Activating profiles []
17:22:19.114 [Test worker] DEBUG org.springframework.test.context.support.TestPropertySourceUtils - Adding inlined properties to environment: {spring.jmx.enabled=false, org.springframework.boot.test.context.SpringBootTestContextBootstrapper=true}

  .   ____          _            __ _ _
 /\\ / ___'_ __ _ _(_)_ __  __ _ \ \ \ \
( ( )\___ | '_ | '_| | '_ \/ _` | \ \ \ \
 \\/  ___)| |_)| | | | | || (_| |  ) ) ) )
  '  |____| .__|_| |_|_| |_\__, | / / / /
 =========|_|==============|___/=/_/_/_/
 :: Spring Boot ::                (v2.6.1)

2021-12-29 17:22:19.824  INFO 9456 --- [    Test worker] c.f.forum393.Forum393ApplicationTests    : Starting Forum393ApplicationTests using Java 11.0.13 on DESKTOP-LHFLGRL with PID 9456 (started by Ekin in C:\Users\Ekin\Desktop\CS393\forum393)
2021-12-29 17:22:19.827  INFO 9456 --- [    Test worker] c.f.forum393.Forum393ApplicationTests    : No active profile set, falling back to default profiles: default
2021-12-29 17:22:21.802  INFO 9456 --- [    Test worker] .s.d.r.c.RepositoryConfigurationDelegate : Bootstrapping Spring Data JPA repositories in DEFAULT mode.
2021-12-29 17:22:22.001  INFO 9456 --- [    Test worker] .s.d.r.c.RepositoryConfigurationDelegate : Finished Spring Data repository scanning in 177 ms. Found 5 JPA repository interfaces.
2021-12-29 17:22:23.633  INFO 9456 --- [    Test worker] o.hibernate.jpa.internal.util.LogHelper  : HHH000204: Processing PersistenceUnitInfo [name: default]
2021-12-29 17:22:23.821  INFO 9456 --- [    Test worker] org.hibernate.Version                    : HHH000412: Hibernate ORM core version 5.6.1.Final
2021-12-29 17:22:24.334  INFO 9456 --- [    Test worker] o.hibernate.annotations.common.Version   : HCANN000001: Hibernate Commons Annotations {5.1.2.Final}
2021-12-29 17:22:24.703  INFO 9456 --- [    Test worker] com.zaxxer.hikari.HikariDataSource       : HikariPool-1 - Starting...
2021-12-29 17:22:24.723  WARN 9456 --- [    Test worker] com.zaxxer.hikari.util.DriverDataSource  : Registered driver with driverClassName=org.apache.derby.jdbc.ClientDriver was not found, trying direct instantiation.
2021-12-29 17:22:25.073  INFO 9456 --- [    Test worker] com.zaxxer.hikari.pool.PoolBase          : HikariPool-1 - Driver does not support get/set network timeout for connections. (Feature not implemented: getNetworkTimeout.)
2021-12-29 17:22:25.137  INFO 9456 --- [    Test worker] com.zaxxer.hikari.HikariDataSource       : HikariPool-1 - Start completed.
2021-12-29 17:22:25.252  INFO 9456 --- [    Test worker] org.hibernate.dialect.Dialect            : HHH000400: Using dialect: org.hibernate.dialect.DerbyTenSevenDialect
2021-12-29 17:22:27.544  INFO 9456 --- [    Test worker] o.h.e.t.j.p.i.JtaPlatformInitiator       : HHH000490: Using JtaPlatform implementation: [org.hibernate.engine.transaction.jta.platform.internal.NoJtaPlatform]
2021-12-29 17:22:27.568  INFO 9456 --- [    Test worker] j.LocalContainerEntityManagerFactoryBean : Initialized JPA EntityManagerFactory for persistence unit 'default'
2021-12-29 17:22:29.894  WARN 9456 --- [    Test worker] JpaBaseConfiguration$JpaWebConfiguration : spring.jpa.open-in-view is enabled by default. Therefore, database queries may be performed during view rendering. Explicitly configure spring.jpa.open-in-view to disable this warning
2021-12-29 17:22:31.716  INFO 9456 --- [    Test worker] c.f.forum393.Forum393ApplicationTests    : Started Forum393ApplicationTests in 12.597 seconds (JVM running for 17.137)
2021-12-29 17:22:31.815  INFO 9456 --- [    Test worker] o.s.t.c.transaction.TransactionContext   : Began transaction (1) for test context [DefaultTestContext@10b3df93 testClass = Forum393ApplicationTests, testInstance = com.forum.forum393.Forum393ApplicationTests@2389f546, testMethod = contextLoads@Forum393ApplicationTests, testException = [null], mergedContextConfiguration = [WebMergedContextConfiguration@ea27e34 testClass = Forum393ApplicationTests, locations = '{}', classes = '{class com.forum.forum393.Forum393Application}', contextInitializerClasses = '[]', activeProfiles = '{}', propertySourceLocations = '{}', propertySourceProperties = '{org.springframework.boot.test.context.SpringBootTestContextBootstrapper=true}', contextCustomizers = set[org.springframework.boot.test.autoconfigure.actuate.metrics.MetricsExportContextCustomizerFactory$DisableMetricExportContextCustomizer@34997338, org.springframework.boot.test.autoconfigure.properties.PropertyMappingContextCustomizer@0, org.springframework.boot.test.autoconfigure.web.servlet.WebDriverContextCustomizerFactory$Customizer@6821ea29, org.springframework.boot.test.context.filter.ExcludeFilterContextCustomizer@5af3a0f, org.springframework.boot.test.json.DuplicateJsonObjectContextCustomizerFactory$DuplicateJsonObjectContextCustomizer@58359ebd, org.springframework.boot.test.mock.mockito.MockitoContextCustomizer@0, org.springframework.boot.test.web.client.TestRestTemplateContextCustomizer@1c7fd41f, org.springframework.boot.test.context.SpringBootTestArgs@1, org.springframework.boot.test.context.SpringBootTestWebEnvironment@471a9022], resourceBasePath = 'src/main/webapp', contextLoader = 'org.springframework.boot.test.context.SpringBootContextLoader', parent = [null]], attributes = map['org.springframework.test.context.web.ServletTestExecutionListener.activateListener' -> true, 'org.springframework.test.context.web.ServletTestExecutionListener.populatedRequestContextHolder' -> true, 'org.springframework.test.context.web.ServletTestExecutionListener.resetRequestContextHolder' -> true, 'org.springframework.test.context.event.ApplicationEventsTestExecutionListener.recordApplicationEvents' -> false]]; transaction manager [org.springframework.orm.jpa.JpaTransactionManager@147aceec]; rollback [false]
Hibernate: values next value for hibernate_sequence
Hibernate: values next value for hibernate_sequence
Hibernate: values next value for hibernate_sequence
Hibernate: values next value for hibernate_sequence
Hibernate: values next value for hibernate_sequence
Hibernate: values next value for hibernate_sequence
Hibernate: values next value for hibernate_sequence
Hibernate: values next value for hibernate_sequence
Hibernate: values next value for hibernate_sequence
Hibernate: values next value for hibernate_sequence
Hibernate: insert into t_question (answer_count, asked_date, description, title, user_id, view_count, vote_count, id) values (?, ?, ?, ?, ?, ?, ?, ?)
Hibernate: insert into t_answer (question_id, user_id, vote_count, id) values (?, ?, ?, ?)
Hibernate: insert into t_answer (question_id, user_id, vote_count, id) values (?, ?, ?, ?)
Hibernate: insert into t_answer (question_id, user_id, vote_count, id) values (?, ?, ?, ?)
Hibernate: insert into t_user (name, id) values (?, ?)
Hibernate: insert into t_comment (answer_id, date, question_id, text, user_id, writer_id, id) values (?, ?, ?, ?, ?, ?, ?)
Hibernate: insert into t_user (name, id) values (?, ?)
Hibernate: insert into t_comment (answer_id, date, question_id, text, user_id, writer_id, id) values (?, ?, ?, ?, ?, ?, ?)
Hibernate: insert into t_question (answer_count, asked_date, description, title, user_id, view_count, vote_count, id) values (?, ?, ?, ?, ?, ?, ?, ?)
Hibernate: insert into t_comment (answer_id, date, question_id, text, user_id, writer_id, id) values (?, ?, ?, ?, ?, ?, ?)
Hibernate: update t_question set answer_count=?, asked_date=?, description=?, title=?, user_id=?, view_count=?, vote_count=? where id=?
2021-12-29 17:22:32.416  INFO 9456 --- [    Test worker] o.s.t.c.transaction.TransactionContext   : Committed transaction for test: [DefaultTestContext@10b3df93 testClass = Forum393ApplicationTests, testInstance = com.forum.forum393.Forum393ApplicationTests@2389f546, testMethod = contextLoads@Forum393ApplicationTests, testException = [null], mergedContextConfiguration = [WebMergedContextConfiguration@ea27e34 testClass = Forum393ApplicationTests, locations = '{}', classes = '{class com.forum.forum393.Forum393Application}', contextInitializerClasses = '[]', activeProfiles = '{}', propertySourceLocations = '{}', propertySourceProperties = '{org.springframework.boot.test.context.SpringBootTestContextBootstrapper=true}', contextCustomizers = set[org.springframework.boot.test.autoconfigure.actuate.metrics.MetricsExportContextCustomizerFactory$DisableMetricExportContextCustomizer@34997338, org.springframework.boot.test.autoconfigure.properties.PropertyMappingContextCustomizer@0, org.springframework.boot.test.autoconfigure.web.servlet.WebDriverContextCustomizerFactory$Customizer@6821ea29, org.springframework.boot.test.context.filter.ExcludeFilterContextCustomizer@5af3a0f, org.springframework.boot.test.json.DuplicateJsonObjectContextCustomizerFactory$DuplicateJsonObjectContextCustomizer@58359ebd, org.springframework.boot.test.mock.mockito.MockitoContextCustomizer@0, org.springframework.boot.test.web.client.TestRestTemplateContextCustomizer@1c7fd41f, org.springframework.boot.test.context.SpringBootTestArgs@1, org.springframework.boot.test.context.SpringBootTestWebEnvironment@471a9022], resourceBasePath = 'src/main/webapp', contextLoader = 'org.springframework.boot.test.context.SpringBootContextLoader', parent = [null]], attributes = map['org.springframework.test.context.web.ServletTestExecutionListener.activateListener' -> true, 'org.springframework.test.context.web.ServletTestExecutionListener.populatedRequestContextHolder' -> true, 'org.springframework.test.context.web.ServletTestExecutionListener.resetRequestContextHolder' -> true, 'org.springframework.test.context.event.ApplicationEventsTestExecutionListener.recordApplicationEvents' -> false]]
]]></system-out>
  <system-err><![CDATA[]]></system-err>
</testsuite>
