<?xml version="1.0" encoding="UTF-8"?>
<testsuite name="com.forum.forum393.Forum393ApplicationTests" tests="1" skipped="0" failures="0" errors="0" timestamp="2022-01-03T00:39:50" hostname="DESKTOP-LHFLGRL" time="0.747">
  <properties/>
  <testcase name="contextLoads()" classname="com.forum.forum393.Forum393ApplicationTests" time="0.747"/>
  <system-out><![CDATA[03:39:34.380 [Test worker] DEBUG org.springframework.test.context.BootstrapUtils - Instantiating CacheAwareContextLoaderDelegate from class [org.springframework.test.context.cache.DefaultCacheAwareContextLoaderDelegate]
03:39:34.418 [Test worker] DEBUG org.springframework.test.context.BootstrapUtils - Instantiating BootstrapContext using constructor [public org.springframework.test.context.support.DefaultBootstrapContext(java.lang.Class,org.springframework.test.context.CacheAwareContextLoaderDelegate)]
03:39:34.512 [Test worker] DEBUG org.springframework.test.context.BootstrapUtils - Instantiating TestContextBootstrapper for test class [com.forum.forum393.Forum393ApplicationTests] from class [org.springframework.boot.test.context.SpringBootTestContextBootstrapper]
03:39:34.540 [Test worker] INFO org.springframework.boot.test.context.SpringBootTestContextBootstrapper - Neither @ContextConfiguration nor @ContextHierarchy found for test class [com.forum.forum393.Forum393ApplicationTests], using SpringBootContextLoader
03:39:34.550 [Test worker] DEBUG org.springframework.test.context.support.AbstractContextLoader - Did not detect default resource location for test class [com.forum.forum393.Forum393ApplicationTests]: class path resource [com/forum/forum393/Forum393ApplicationTests-context.xml] does not exist
03:39:34.553 [Test worker] DEBUG org.springframework.test.context.support.AbstractContextLoader - Did not detect default resource location for test class [com.forum.forum393.Forum393ApplicationTests]: class path resource [com/forum/forum393/Forum393ApplicationTestsContext.groovy] does not exist
03:39:34.553 [Test worker] INFO org.springframework.test.context.support.AbstractContextLoader - Could not detect default resource locations for test class [com.forum.forum393.Forum393ApplicationTests]: no resource found for suffixes {-context.xml, Context.groovy}.
03:39:34.555 [Test worker] INFO org.springframework.test.context.support.AnnotationConfigContextLoaderUtils - Could not detect default configuration classes for test class [com.forum.forum393.Forum393ApplicationTests]: Forum393ApplicationTests does not declare any static, non-private, non-final, nested classes annotated with @Configuration.
03:39:34.665 [Test worker] DEBUG org.springframework.test.context.support.ActiveProfilesUtils - Could not find an 'annotation declaring class' for annotation type [org.springframework.test.context.ActiveProfiles] and class [com.forum.forum393.Forum393ApplicationTests]
03:39:34.803 [Test worker] DEBUG org.springframework.context.annotation.ClassPathScanningCandidateComponentProvider - Identified candidate component class: file [C:\Users\Ekin\Desktop\CS393\forum393\build\classes\java\main\com\forum\forum393\Forum393Application.class]
03:39:34.806 [Test worker] INFO org.springframework.boot.test.context.SpringBootTestContextBootstrapper - Found @SpringBootConfiguration com.forum.forum393.Forum393Application for test class com.forum.forum393.Forum393ApplicationTests
03:39:35.080 [Test worker] DEBUG org.springframework.boot.test.context.SpringBootTestContextBootstrapper - @TestExecutionListeners is not present for class [com.forum.forum393.Forum393ApplicationTests]: using defaults.
03:39:35.082 [Test worker] INFO org.springframework.boot.test.context.SpringBootTestContextBootstrapper - Loaded default TestExecutionListener class names from location [META-INF/spring.factories]: [org.springframework.boot.test.autoconfigure.restdocs.RestDocsTestExecutionListener, org.springframework.boot.test.autoconfigure.web.client.MockRestServiceServerResetTestExecutionListener, org.springframework.boot.test.autoconfigure.web.servlet.MockMvcPrintOnlyOnFailureTestExecutionListener, org.springframework.boot.test.autoconfigure.web.servlet.WebDriverTestExecutionListener, org.springframework.boot.test.autoconfigure.webservices.client.MockWebServiceServerTestExecutionListener, org.springframework.boot.test.mock.mockito.MockitoTestExecutionListener, org.springframework.boot.test.mock.mockito.ResetMocksTestExecutionListener, org.springframework.test.context.web.ServletTestExecutionListener, org.springframework.test.context.support.DirtiesContextBeforeModesTestExecutionListener, org.springframework.test.context.event.ApplicationEventsTestExecutionListener, org.springframework.test.context.support.DependencyInjectionTestExecutionListener, org.springframework.test.context.support.DirtiesContextTestExecutionListener, org.springframework.test.context.transaction.TransactionalTestExecutionListener, org.springframework.test.context.jdbc.SqlScriptsTestExecutionListener, org.springframework.test.context.event.EventPublishingTestExecutionListener]
03:39:35.156 [Test worker] INFO org.springframework.boot.test.context.SpringBootTestContextBootstrapper - Using TestExecutionListeners: [org.springframework.test.context.web.ServletTestExecutionListener@28a2a3e7, org.springframework.test.context.support.DirtiesContextBeforeModesTestExecutionListener@3f2049b6, org.springframework.test.context.event.ApplicationEventsTestExecutionListener@10b3df93, org.springframework.boot.test.mock.mockito.MockitoTestExecutionListener@ea27e34, org.springframework.boot.test.autoconfigure.SpringBootDependencyInjectionTestExecutionListener@33a2499c, org.springframework.test.context.support.DirtiesContextTestExecutionListener@e72dba7, org.springframework.test.context.transaction.TransactionalTestExecutionListener@33c2bd, org.springframework.test.context.jdbc.SqlScriptsTestExecutionListener@1dfd5f51, org.springframework.test.context.event.EventPublishingTestExecutionListener@3c321bdb, org.springframework.boot.test.autoconfigure.restdocs.RestDocsTestExecutionListener@24855019, org.springframework.boot.test.autoconfigure.web.client.MockRestServiceServerResetTestExecutionListener@3abd581e, org.springframework.boot.test.autoconfigure.web.servlet.MockMvcPrintOnlyOnFailureTestExecutionListener@4d4d8fcf, org.springframework.boot.test.autoconfigure.web.servlet.WebDriverTestExecutionListener@610db97e, org.springframework.boot.test.autoconfigure.webservices.client.MockWebServiceServerTestExecutionListener@6f0628de, org.springframework.boot.test.mock.mockito.ResetMocksTestExecutionListener@3fabf088]
03:39:35.166 [Test worker] DEBUG org.springframework.test.context.support.AbstractDirtiesContextTestExecutionListener - Before test class: context [DefaultTestContext@6ca320ab testClass = Forum393ApplicationTests, testInstance = [null], testMethod = [null], testException = [null], mergedContextConfiguration = [WebMergedContextConfiguration@50d68830 testClass = Forum393ApplicationTests, locations = '{}', classes = '{class com.forum.forum393.Forum393Application}', contextInitializerClasses = '[]', activeProfiles = '{}', propertySourceLocations = '{}', propertySourceProperties = '{org.springframework.boot.test.context.SpringBootTestContextBootstrapper=true}', contextCustomizers = set[org.springframework.boot.test.autoconfigure.actuate.metrics.MetricsExportContextCustomizerFactory$DisableMetricExportContextCustomizer@cb191ca, org.springframework.boot.test.autoconfigure.properties.PropertyMappingContextCustomizer@0, org.springframework.boot.test.autoconfigure.web.servlet.WebDriverContextCustomizerFactory$Customizer@4b672daa, org.springframework.boot.test.context.filter.ExcludeFilterContextCustomizer@3fffff43, org.springframework.boot.test.json.DuplicateJsonObjectContextCustomizerFactory$DuplicateJsonObjectContextCustomizer@3b77a04f, org.springframework.boot.test.mock.mockito.MockitoContextCustomizer@0, org.springframework.boot.test.web.client.TestRestTemplateContextCustomizer@a4b2d8f, org.springframework.boot.test.context.SpringBootTestArgs@1, org.springframework.boot.test.context.SpringBootTestWebEnvironment@7ba8c737], resourceBasePath = 'src/main/webapp', contextLoader = 'org.springframework.boot.test.context.SpringBootContextLoader', parent = [null]], attributes = map['org.springframework.test.context.web.ServletTestExecutionListener.activateListener' -> true]], class annotated with @DirtiesContext [false] with mode [null].
03:39:35.327 [Test worker] DEBUG org.springframework.boot.ApplicationServletEnvironment - Activating profiles []
03:39:35.330 [Test worker] DEBUG org.springframework.test.context.support.TestPropertySourceUtils - Adding inlined properties to environment: {spring.jmx.enabled=false, org.springframework.boot.test.context.SpringBootTestContextBootstrapper=true}

  .   ____          _            __ _ _
 /\\ / ___'_ __ _ _(_)_ __  __ _ \ \ \ \
( ( )\___ | '_ | '_| | '_ \/ _` | \ \ \ \
 \\/  ___)| |_)| | | | | || (_| |  ) ) ) )
  '  |____| .__|_| |_|_| |_\__, | / / / /
 =========|_|==============|___/=/_/_/_/
 :: Spring Boot ::                (v2.6.1)

2022-01-03 03:39:36.192  INFO 4468 --- [    Test worker] c.f.forum393.Forum393ApplicationTests    : Starting Forum393ApplicationTests using Java 11.0.13 on DESKTOP-LHFLGRL with PID 4468 (started by Ekin in C:\Users\Ekin\Desktop\CS393\forum393)
2022-01-03 03:39:36.195  INFO 4468 --- [    Test worker] c.f.forum393.Forum393ApplicationTests    : No active profile set, falling back to default profiles: default
2022-01-03 03:39:38.925  INFO 4468 --- [    Test worker] .s.d.r.c.RepositoryConfigurationDelegate : Bootstrapping Spring Data JPA repositories in DEFAULT mode.
2022-01-03 03:39:39.104  INFO 4468 --- [    Test worker] .s.d.r.c.RepositoryConfigurationDelegate : Finished Spring Data repository scanning in 157 ms. Found 5 JPA repository interfaces.
2022-01-03 03:39:41.030  INFO 4468 --- [    Test worker] o.hibernate.jpa.internal.util.LogHelper  : HHH000204: Processing PersistenceUnitInfo [name: default]
2022-01-03 03:39:41.230  INFO 4468 --- [    Test worker] org.hibernate.Version                    : HHH000412: Hibernate ORM core version 5.6.1.Final
2022-01-03 03:39:41.719  INFO 4468 --- [    Test worker] o.hibernate.annotations.common.Version   : HCANN000001: Hibernate Commons Annotations {5.1.2.Final}
2022-01-03 03:39:42.058  INFO 4468 --- [    Test worker] com.zaxxer.hikari.HikariDataSource       : HikariPool-1 - Starting...
2022-01-03 03:39:42.071  WARN 4468 --- [    Test worker] com.zaxxer.hikari.util.DriverDataSource  : Registered driver with driverClassName=org.apache.derby.jdbc.ClientDriver was not found, trying direct instantiation.
2022-01-03 03:39:42.356  INFO 4468 --- [    Test worker] com.zaxxer.hikari.pool.PoolBase          : HikariPool-1 - Driver does not support get/set network timeout for connections. (Feature not implemented: getNetworkTimeout.)
2022-01-03 03:39:42.404  INFO 4468 --- [    Test worker] com.zaxxer.hikari.HikariDataSource       : HikariPool-1 - Start completed.
2022-01-03 03:39:42.497  INFO 4468 --- [    Test worker] org.hibernate.dialect.Dialect            : HHH000400: Using dialect: org.hibernate.dialect.DerbyTenSevenDialect
2022-01-03 03:39:44.687  INFO 4468 --- [    Test worker] o.h.e.t.j.p.i.JtaPlatformInitiator       : HHH000490: Using JtaPlatform implementation: [org.hibernate.engine.transaction.jta.platform.internal.NoJtaPlatform]
2022-01-03 03:39:44.708  INFO 4468 --- [    Test worker] j.LocalContainerEntityManagerFactoryBean : Initialized JPA EntityManagerFactory for persistence unit 'default'
2022-01-03 03:39:47.155  WARN 4468 --- [    Test worker] JpaBaseConfiguration$JpaWebConfiguration : spring.jpa.open-in-view is enabled by default. Therefore, database queries may be performed during view rendering. Explicitly configure spring.jpa.open-in-view to disable this warning
2022-01-03 03:39:50.084  INFO 4468 --- [    Test worker] c.f.forum393.Forum393ApplicationTests    : Started Forum393ApplicationTests in 14.749 seconds (JVM running for 18.882)
2022-01-03 03:39:50.180  INFO 4468 --- [    Test worker] o.s.t.c.transaction.TransactionContext   : Began transaction (1) for test context [DefaultTestContext@6ca320ab testClass = Forum393ApplicationTests, testInstance = com.forum.forum393.Forum393ApplicationTests@3393aa46, testMethod = contextLoads@Forum393ApplicationTests, testException = [null], mergedContextConfiguration = [WebMergedContextConfiguration@50d68830 testClass = Forum393ApplicationTests, locations = '{}', classes = '{class com.forum.forum393.Forum393Application}', contextInitializerClasses = '[]', activeProfiles = '{}', propertySourceLocations = '{}', propertySourceProperties = '{org.springframework.boot.test.context.SpringBootTestContextBootstrapper=true}', contextCustomizers = set[org.springframework.boot.test.autoconfigure.actuate.metrics.MetricsExportContextCustomizerFactory$DisableMetricExportContextCustomizer@cb191ca, org.springframework.boot.test.autoconfigure.properties.PropertyMappingContextCustomizer@0, org.springframework.boot.test.autoconfigure.web.servlet.WebDriverContextCustomizerFactory$Customizer@4b672daa, org.springframework.boot.test.context.filter.ExcludeFilterContextCustomizer@3fffff43, org.springframework.boot.test.json.DuplicateJsonObjectContextCustomizerFactory$DuplicateJsonObjectContextCustomizer@3b77a04f, org.springframework.boot.test.mock.mockito.MockitoContextCustomizer@0, org.springframework.boot.test.web.client.TestRestTemplateContextCustomizer@a4b2d8f, org.springframework.boot.test.context.SpringBootTestArgs@1, org.springframework.boot.test.context.SpringBootTestWebEnvironment@7ba8c737], resourceBasePath = 'src/main/webapp', contextLoader = 'org.springframework.boot.test.context.SpringBootContextLoader', parent = [null]], attributes = map['org.springframework.test.context.web.ServletTestExecutionListener.activateListener' -> true, 'org.springframework.test.context.web.ServletTestExecutionListener.populatedRequestContextHolder' -> true, 'org.springframework.test.context.web.ServletTestExecutionListener.resetRequestContextHolder' -> true, 'org.springframework.test.context.event.ApplicationEventsTestExecutionListener.recordApplicationEvents' -> false]]; transaction manager [org.springframework.orm.jpa.JpaTransactionManager@344f4a82]; rollback [false]
Hibernate: values next value for hibernate_sequence
Hibernate: values next value for hibernate_sequence
Hibernate: values next value for hibernate_sequence
Hibernate: values next value for hibernate_sequence
Hibernate: values next value for hibernate_sequence
Hibernate: values next value for hibernate_sequence
Hibernate: values next value for hibernate_sequence
Hibernate: values next value for hibernate_sequence
Hibernate: values next value for hibernate_sequence
Hibernate: values next value for hibernate_sequence
Hibernate: values next value for hibernate_sequence
Hibernate: values next value for hibernate_sequence
Hibernate: values next value for hibernate_sequence
Hibernate: values next value for hibernate_sequence
Hibernate: values next value for hibernate_sequence
Hibernate: values next value for hibernate_sequence
Hibernate: values next value for hibernate_sequence
Hibernate: values next value for hibernate_sequence
Hibernate: values next value for hibernate_sequence
Hibernate: values next value for hibernate_sequence
Hibernate: insert into t_question (answer_count, asked_date, description, title, user_id, view_count, vote_count, id) values (?, ?, ?, ?, ?, ?, ?, ?)
Hibernate: insert into t_answer (question_id, text, user_id, vote_count, id) values (?, ?, ?, ?, ?)
Hibernate: insert into t_answer (question_id, text, user_id, vote_count, id) values (?, ?, ?, ?, ?)
Hibernate: insert into t_answer (question_id, text, user_id, vote_count, id) values (?, ?, ?, ?, ?)
Hibernate: insert into t_user (name, id) values (?, ?)
Hibernate: insert into t_question (answer_count, asked_date, description, title, user_id, view_count, vote_count, id) values (?, ?, ?, ?, ?, ?, ?, ?)
Hibernate: insert into t_answer (question_id, text, user_id, vote_count, id) values (?, ?, ?, ?, ?)
Hibernate: insert into t_answer (question_id, text, user_id, vote_count, id) values (?, ?, ?, ?, ?)
Hibernate: insert into t_answer (question_id, text, user_id, vote_count, id) values (?, ?, ?, ?, ?)
Hibernate: insert into t_user (name, id) values (?, ?)
Hibernate: insert into t_comment (answer_id, date, question_id, text, writer_id, id) values (?, ?, ?, ?, ?, ?)
Hibernate: insert into t_comment (answer_id, date, question_id, text, writer_id, id) values (?, ?, ?, ?, ?, ?)
Hibernate: insert into t_comment (answer_id, date, question_id, text, writer_id, id) values (?, ?, ?, ?, ?, ?)
Hibernate: insert into t_tag (name, id) values (?, ?)
Hibernate: insert into t_tag (name, id) values (?, ?)
Hibernate: insert into t_comment (answer_id, date, question_id, text, writer_id, id) values (?, ?, ?, ?, ?, ?)
Hibernate: insert into t_comment (answer_id, date, question_id, text, writer_id, id) values (?, ?, ?, ?, ?, ?)
Hibernate: insert into t_comment (answer_id, date, question_id, text, writer_id, id) values (?, ?, ?, ?, ?, ?)
Hibernate: insert into t_tag (name, id) values (?, ?)
Hibernate: insert into t_tag (name, id) values (?, ?)
Hibernate: update t_question set answer_count=?, asked_date=?, description=?, title=?, user_id=?, view_count=?, vote_count=? where id=?
Hibernate: update t_answer set question_id=?, text=?, user_id=?, vote_count=? where id=?
Hibernate: update t_answer set question_id=?, text=?, user_id=?, vote_count=? where id=?
Hibernate: update t_answer set question_id=?, text=?, user_id=?, vote_count=? where id=?
Hibernate: update t_question set answer_count=?, asked_date=?, description=?, title=?, user_id=?, view_count=?, vote_count=? where id=?
Hibernate: update t_answer set question_id=?, text=?, user_id=?, vote_count=? where id=?
Hibernate: update t_answer set question_id=?, text=?, user_id=?, vote_count=? where id=?
Hibernate: update t_answer set question_id=?, text=?, user_id=?, vote_count=? where id=?
Hibernate: insert into rel_question_tag (question_id, tag_id) values (?, ?)
Hibernate: insert into rel_question_tag (question_id, tag_id) values (?, ?)
Hibernate: insert into rel_question_tag (question_id, tag_id) values (?, ?)
Hibernate: insert into rel_question_tag (question_id, tag_id) values (?, ?)
2022-01-03 03:39:50.881  INFO 4468 --- [    Test worker] o.s.t.c.transaction.TransactionContext   : Committed transaction for test: [DefaultTestContext@6ca320ab testClass = Forum393ApplicationTests, testInstance = com.forum.forum393.Forum393ApplicationTests@3393aa46, testMethod = contextLoads@Forum393ApplicationTests, testException = [null], mergedContextConfiguration = [WebMergedContextConfiguration@50d68830 testClass = Forum393ApplicationTests, locations = '{}', classes = '{class com.forum.forum393.Forum393Application}', contextInitializerClasses = '[]', activeProfiles = '{}', propertySourceLocations = '{}', propertySourceProperties = '{org.springframework.boot.test.context.SpringBootTestContextBootstrapper=true}', contextCustomizers = set[org.springframework.boot.test.autoconfigure.actuate.metrics.MetricsExportContextCustomizerFactory$DisableMetricExportContextCustomizer@cb191ca, org.springframework.boot.test.autoconfigure.properties.PropertyMappingContextCustomizer@0, org.springframework.boot.test.autoconfigure.web.servlet.WebDriverContextCustomizerFactory$Customizer@4b672daa, org.springframework.boot.test.context.filter.ExcludeFilterContextCustomizer@3fffff43, org.springframework.boot.test.json.DuplicateJsonObjectContextCustomizerFactory$DuplicateJsonObjectContextCustomizer@3b77a04f, org.springframework.boot.test.mock.mockito.MockitoContextCustomizer@0, org.springframework.boot.test.web.client.TestRestTemplateContextCustomizer@a4b2d8f, org.springframework.boot.test.context.SpringBootTestArgs@1, org.springframework.boot.test.context.SpringBootTestWebEnvironment@7ba8c737], resourceBasePath = 'src/main/webapp', contextLoader = 'org.springframework.boot.test.context.SpringBootContextLoader', parent = [null]], attributes = map['org.springframework.test.context.web.ServletTestExecutionListener.activateListener' -> true, 'org.springframework.test.context.web.ServletTestExecutionListener.populatedRequestContextHolder' -> true, 'org.springframework.test.context.web.ServletTestExecutionListener.resetRequestContextHolder' -> true, 'org.springframework.test.context.event.ApplicationEventsTestExecutionListener.recordApplicationEvents' -> false]]
]]></system-out>
  <system-err><![CDATA[]]></system-err>
</testsuite>
